<?xml version="1.0" encoding="UTF-8"?>
<!-- Generated by org.testng.reporters.JUnitReportReporter -->
<testsuite hostname="rganjare" failures="0" tests="3" name="com.companyname.projectname.testcases.login.PostInquiry002" time="0.000" errors="0" timestamp="2024-02-11T14:53:47 GMT" skipped="3">
  <testcase classname="com.companyname.projectname.testcases.login.PostInquiry002" name="postInquiry002" time="0.000">
    <skipped/>
  </testcase> <!-- postInquiry002 -->
  <system-out/>
  <testcase classname="com.companyname.projectname.testcases.login.PostInquiry002" name="postInquiry002" time="0.000">
    <skipped/>
  </testcase> <!-- postInquiry002 -->
  <system-out/>
  <testcase classname="com.companyname.projectname.testcases.login.PostInquiry002" name="postInquiry002" time="0.000">
    <skipped/>
  </testcase> <!-- postInquiry002 -->
  <system-out/>
</testsuite> <!-- com.companyname.projectname.testcases.login.PostInquiry002 -->
