<?xml version="1.0" encoding="UTF-8"?>
<!-- Generated by org.testng.reporters.JUnitReportReporter -->
<testsuite hostname="Rahuls-MacBook-Pro.local" failures="0" tests="1" name="com.companyname.projectname.testcases.PostInquiry001" time="17.764" errors="0" timestamp="2023-09-30T09:01:32 BST" skipped="0">
  <testcase classname="com.companyname.projectname.testcases.PostInquiry001" name="postInquiry001" time="17.764"/>
  <system-out/>
</testsuite> <!-- com.companyname.projectname.testcases.PostInquiry001 -->
