<?xml version="1.0" encoding="UTF-8"?>
<!-- Generated by org.testng.reporters.JUnitReportReporter -->
<testsuite hostname="Rahuls-MacBook-Pro.local" failures="0" tests="1" name="com.companyname.projectname.testcases.login.PostInquiry004POM" time="16.194" errors="0" timestamp="2023-10-22T07:41:42 BST" skipped="0">
  <testcase classname="com.companyname.projectname.testcases.login.PostInquiry004POM" name="postInquiry004POM" time="16.194"/>
  <system-out/>
</testsuite> <!-- com.companyname.projectname.testcases.login.PostInquiry004POM -->
