<?xml version="1.0" encoding="UTF-8"?>
<!-- Generated by org.testng.reporters.JUnitReportReporter -->
<testsuite hostname="Rahuls-MacBook-Pro.local" failures="0" tests="3" name="com.companyname.projectname.utility.ExcelReadingAndWriting" time="0.013" errors="0" timestamp="2023-10-07T07:28:42 BST" skipped="0">
  <testcase classname="com.companyname.projectname.utility.ExcelReadingAndWriting" name="readingTestData" time="0.008"/>
  <system-out/>
  <testcase classname="com.companyname.projectname.utility.ExcelReadingAndWriting" name="readingTestData" time="0.001"/>
  <system-out/>
  <testcase classname="com.companyname.projectname.utility.ExcelReadingAndWriting" name="readingTestData" time="0.004"/>
  <system-out/>
</testsuite> <!-- com.companyname.projectname.utility.ExcelReadingAndWriting -->
