<?xml version="1.0" encoding="UTF-8"?>
<!-- Generated by org.testng.reporters.JUnitReportReporter -->
<testsuite ignored="2" hostname="rganjare" failures="0" tests="1" name="com.companyname.projectname.testcases.login.PostInquiry004POM" time="7.884" errors="0" timestamp="11 Feb 2024 16:35:12 GMT" skipped="0">
  <testcase classname="com.companyname.projectname.testcases.login.PostInquiry004POM" name="postInquiry004POM" time="7.884"/>
  <testcase classname="com.companyname.projectname.testbase.TestBase" name="init">
    <skipped/>
  </testcase> <!-- init -->
  <testcase classname="com.companyname.projectname.testbase.TestBase" name="generateReport">
    <skipped/>
  </testcase> <!-- generateReport -->
</testsuite> <!-- com.companyname.projectname.testcases.login.PostInquiry004POM -->
