<?xml version="1.0" encoding="UTF-8"?>
<!-- Generated by org.testng.reporters.JUnitReportReporter -->
<testsuite hostname="rganjare" failures="0" tests="1" name="com.companyname.projectname.testcases.login.PostInquiry004POM" time="15.210" errors="0" timestamp="2023-11-05T07:37:44 GMT" skipped="0">
  <testcase classname="com.companyname.projectname.testcases.login.PostInquiry004POM" name="postInquiry004POM" time="15.210"/>
  <system-out/>
</testsuite> <!-- com.companyname.projectname.testcases.login.PostInquiry004POM -->
