<?xml version="1.0" encoding="UTF-8"?>
<!-- Generated by org.testng.reporters.JUnitReportReporter -->
<testsuite hostname="Rahuls-MacBook-Pro.local" failures="0" tests="3" name="com.companyname.projectname.testcases.login.PostInquiry002" time="0.001" errors="0" timestamp="2023-10-14T07:36:38 BST" skipped="3">
  <testcase classname="com.companyname.projectname.testcases.login.PostInquiry002" name="postInquiry002" time="0.000">
    <skipped/>
  </testcase> <!-- postInquiry002 -->
  <system-out/>
  <testcase classname="com.companyname.projectname.testcases.login.PostInquiry002" name="postInquiry002" time="0.000">
    <skipped/>
  </testcase> <!-- postInquiry002 -->
  <system-out/>
  <testcase classname="com.companyname.projectname.testcases.login.PostInquiry002" name="postInquiry002" time="0.001">
    <skipped/>
  </testcase> <!-- postInquiry002 -->
  <system-out/>
</testsuite> <!-- com.companyname.projectname.testcases.login.PostInquiry002 -->
